psdsim < examplestudy.dat
1                                     POWER  SYSTEM  RESOURCE  GROUP

                                       UNIVERSITY  OF  SASKATCHEWAN

                               POWER  SYSTEM  DYNAMIC  SIMULATION  PROGRAM


0NO. OF GENERATORS     2
 TIME STEP          0.001
 PRINT INTERVAL     0.025
0GENERATOR PARAMETERS
     1   800.0       3.820      0.3700E-02  0.1880       1.750      0.2750       1.680      0.4700    
         5.200       1.965       0.000      0.7978E-04   7.192    
     2  0.1000E+05   1000.       0.000       0.000      0.1000E-03  0.1000E-03  0.1000E-03  0.1000E-03
         1000.       1000.       0.000       0.000       0.000    
0 EXCITATION SYSTEM PARAMETERS
     1   25.00     -0.4450E-01  0.1600      0.6000E-01  0.5000       1.000      -1.000       1.000    
        0.1600E-02   1.456       0.000       0.000       0.000       0.000       0.000       0.000    
     2   0.000       0.000       0.000       0.000       0.000       0.000       0.000       0.000    
         0.000       0.000       0.000       0.000       0.000       0.000       0.000       0.000    
0 TURBINE-GOVERNOR PARAMETERS
     1   0.000       0.000       0.000       0.000       0.000       0.000       0.000       0.000    
         0.000       0.000       0.000       0.000       0.000       0.000       0.000       0.000    
     2   0.000       0.000       0.000       0.000       0.000       0.000       0.000       0.000    
         0.000       0.000       0.000       0.000       0.000       0.000       0.000       0.000    
0INITIAL GENERATOR TERMINAL CONDITIONS
  GEN         MW         MVAR      VOLTS     ANGLE
     1       800.0000 -166.0000   0.92550  26.05000
     2      -454.7000  533.2000   1.11700   0.00000
0       TERMINAL ADMITTANCE MATRIX FROM   0.000 TO   0.066 SECS.
            3.2787  -63.9344    0.0000    0.0000
            0.0000    0.0000    4.3414  -16.9377
0
1

                                         SIMULATED RESPONSES

   TIME  GEN  ROTOR   ROTOR    EQ'     ED'    TERM     ELEC-POWER     FIELD   MECH    SATN   AIR GAP
   SECS   NO  ANGLE   SPEED    VOLTS   VOLTS  VOLTS    REAL   IMAG    VOLTS   POWER  FACTOR   VOLTS

   0.000
           1  97.810  0.0000  0.5546  0.6235  0.2181  0.0195  0.3802  1.9910  1.0045  0.9960  0.5462
           2  -0.000  0.0000  1.1170 -0.0000  1.1170  0.0542  0.2113  1.1170 -0.0455  1.0000  1.1170
   0.025
           1  61.622  0.0000  0.6916  0.0117  0.2161  0.0191  0.3733  2.0387  0.0302  0.9961  0.5413
           2   0.002  0.0000  1.1170  0.0000  1.1170  0.0542  0.2113  1.1170  0.0542  1.0000  1.1170
   0.050
           1  61.617  0.0000  0.6856  0.0116  0.2143  0.0188  0.3669  2.0903  0.0297  0.9962  0.5366
           2   0.004  0.0000  1.1170  0.0000  1.1170  0.0542  0.2113  1.1170  0.0542  1.0000  1.1170
0       TERMINAL ADMITTANCE MATRIX FROM   0.066 TO   3.000 SECS.
            4.7196  -13.8959   -2.3252   13.4735
           -2.3252   13.4735    2.9890  -13.4568
0
   0.075
           1 113.240  0.0000  0.2598  0.5711  0.7938  0.7330 -0.3772  2.1419  0.7368  0.9851  0.7292
           2   0.005  0.0000  1.1170  0.0000  1.1170 -0.0294  0.0668  1.1170 -0.0294  1.0000  1.1170
   0.100
           1 113.275  0.0000  0.2624  0.5713  0.7940  0.7371 -0.3761  2.1936  0.7409  0.9850  0.7300
           2   0.007  0.0000  1.1170  0.0000  1.1170 -0.0297  0.0669  1.1170 -0.0297  1.0000  1.1170
   0.125
           1 113.314  0.0000  0.2652  0.5715  0.7943  0.7415 -0.3748  2.2453  0.7454  0.9849  0.7309
           2   0.009  0.0000  1.1170  0.0000  1.1170 -0.0300  0.0671  1.1170 -0.0300  1.0000  1.1170
   0.150
           1 113.354  0.0000  0.2683  0.5717  0.7946  0.7463 -0.3734  2.2971  0.7502  0.9848  0.7318
           2   0.011  0.0000  1.1170  0.0000  1.1170 -0.0303  0.0672  1.1170 -0.0303  1.0000  1.1170
   0.175
           1 113.397  0.0000  0.2715  0.5719  0.7950  0.7514 -0.3719  2.3489  0.7553  0.9847  0.7328
           2   0.013  0.0000  1.1170  0.0000  1.1170 -0.0306  0.0674  1.1170 -0.0306  1.0000  1.1170
   0.200
           1 113.442  0.0000  0.2750  0.5722  0.7954  0.7568 -0.3703  2.4007  0.7607  0.9846  0.7339
           2   0.015  0.0000  1.1170  0.0000  1.1170 -0.0310  0.0676  1.1170 -0.0310  1.0000  1.1170
   0.225
           1 113.489  0.0000  0.2787  0.5724  0.7958  0.7625 -0.3686  2.4526  0.7665  0.9845  0.7351
           2   0.017  0.0000  1.1170  0.0000  1.1170 -0.0314  0.0678  1.1170 -0.0314  1.0000  1.1170
   0.250
           1 113.538  0.0000  0.2825  0.5727  0.7962  0.7686 -0.3667  2.5045  0.7726  0.9843  0.7363
           2   0.019  0.0000  1.1170  0.0000  1.1170 -0.0318  0.0680  1.1170 -0.0318  1.0000  1.1170
   0.275
           1 113.590  0.0000  0.2866  0.5730  0.7967  0.7749 -0.3648  2.5564  0.7789  0.9842  0.7377
           2   0.020  0.0000  1.1170  0.0000  1.1170 -0.0322  0.0682  1.1170 -0.0322  1.0000  1.1170
   0.300
           1 113.642  0.0000  0.2908  0.5733  0.7972  0.7816 -0.3627  2.6084  0.7856  0.9840  0.7391
           2   0.022  0.0000  1.1170  0.0000  1.1170 -0.0327  0.0684  1.1170 -0.0327  1.0000  1.1170
   0.325
           1 113.697  0.0000  0.2953  0.5736  0.7977  0.7885 -0.3604  2.6605  0.7926  0.9839  0.7405
           2   0.024  0.0000  1.1170  0.0000  1.1170 -0.0331  0.0686  1.1170 -0.0331  1.0000  1.1170
   0.350
           1 113.753  0.0000  0.2999  0.5739  0.7983  0.7957 -0.3581  2.7125  0.7999  0.9837  0.7421
           2   0.026  0.0000  1.1170  0.0000  1.1170 -0.0336  0.0689  1.1170 -0.0336  1.0000  1.1170
   0.375
           1 113.810  0.0000  0.3048  0.5742  0.7989  0.8033 -0.3556  2.7647  0.8075  0.9835  0.7438
           2   0.028  0.0000  1.1170  0.0000  1.1170 -0.0341  0.0691  1.1170 -0.0341  1.0000  1.1170
   0.400
           1 113.869  0.0000  0.3098  0.5745  0.7995  0.8111 -0.3530  2.8123  0.8153  0.9833  0.7455
           2   0.030  0.0000  1.1170  0.0000  1.1170 -0.0347  0.0694  1.1170 -0.0346  1.0000  1.1170
   0.425
           1 113.929  0.0000  0.3149  0.5749  0.8002  0.8192 -0.3502  2.8514  0.8234  0.9831  0.7473
           2   0.032  0.0000  1.1170  0.0000  1.1170 -0.0352  0.0697  1.1170 -0.0352  1.0000  1.1170
   0.450
           1 113.989  0.0000  0.3201  0.5753  0.8009  0.8274 -0.3474  2.8832  0.8317  0.9828  0.7492
           2   0.034  0.0000  1.1170  0.0000  1.1170 -0.0357  0.0699  1.1170 -0.0357  1.0000  1.1170
   0.475
           1 114.049  0.0000  0.3255  0.5756  0.8016  0.8357 -0.3445  2.9089  0.8400  0.9826  0.7511
           2   0.035  0.0000  1.1170  0.0000  1.1170 -0.0363  0.0702  1.1170 -0.0363  1.0000  1.1170
   0.500
           1 114.109  0.0000  0.3308  0.5760  0.8023  0.8440 -0.3415  2.9297  0.8485  0.9824  0.7530
           2   0.037  0.0000  1.1170  0.0000  1.1170 -0.0368  0.0705  1.1170 -0.0368  1.0000  1.1170
   0.525
           1 114.168  0.0000  0.3362  0.5764  0.8031  0.8525 -0.3384  2.9468  0.8569  0.9821  0.7550
           2   0.039  0.0000  1.1170  0.0000  1.1170 -0.0374  0.0708  1.1170 -0.0374  1.0000  1.1170
   0.550
           1 114.227  0.0000  0.3416  0.5767  0.8038  0.8609 -0.3353  2.9613  0.8654  0.9819  0.7571
           2   0.041  0.0000  1.1170  0.0000  1.1170 -0.0379  0.0710  1.1170 -0.0379  1.0000  1.1170
   0.575
           1 114.284  0.0000  0.3469  0.5771  0.8046  0.8693 -0.3322  2.9739  0.8739  0.9816  0.7591
           2   0.043  0.0000  1.1170  0.0000  1.1170 -0.0385  0.0713  1.1170 -0.0385  1.0000  1.1170
   0.600
           1 114.341  0.0000  0.3523  0.5775  0.8054  0.8776 -0.3290  2.9853  0.8823  0.9813  0.7611
           2   0.045  0.0000  1.1170  0.0000  1.1170 -0.0390  0.0716  1.1170 -0.0390  1.0000  1.1170
   0.625
           1 114.396  0.0000  0.3576  0.5778  0.8062  0.8860 -0.3257  2.9960  0.8907  0.9811  0.7632
           2   0.047  0.0000  1.1170  0.0000  1.1170 -0.0396  0.0719  1.1170 -0.0396  1.0000  1.1170
   0.650
           1 114.451  0.0000  0.3629  0.5782  0.8070  0.8943 -0.3225  3.0064  0.8991  0.9808  0.7653
           2   0.049  0.0000  1.1170  0.0000  1.1170 -0.0401  0.0721  1.1170 -0.0401  1.0000  1.1170
   0.675
           1 114.505  0.0000  0.3682  0.5785  0.8078  0.9026 -0.3192  3.0167  0.9074  0.9805  0.7674
           2   0.050  0.0000  1.1170  0.0000  1.1170 -0.0407  0.0724  1.1170 -0.0406  1.0000  1.1170
   0.700
           1 114.557  0.0000  0.3734  0.5789  0.8087  0.9108 -0.3159  3.0271  0.9157  0.9802  0.7695
           2   0.052  0.0000  1.1170  0.0000  1.1170 -0.0412  0.0727  1.1170 -0.0412  1.0000  1.1170
   0.725
           1 114.609  0.0000  0.3786  0.5793  0.8095  0.9190 -0.3125  3.0376  0.9240  0.9799  0.7717
           2   0.054  0.0000  1.1170  0.0000  1.1170 -0.0417  0.0730  1.1170 -0.0417  1.0000  1.1170
   0.750
           1 114.660  0.0000  0.3838  0.5796  0.8104  0.9272 -0.3091  3.0484  0.9322  0.9796  0.7738
           2   0.056  0.0000  1.1170  0.0000  1.1170 -0.0423  0.0732  1.1170 -0.0422  1.0000  1.1170
   0.775
           1 114.711  0.0000  0.3890  0.5800  0.8112  0.9353 -0.3057  3.0593  0.9404  0.9793  0.7760
           2   0.058  0.0000  1.1170  0.0000  1.1170 -0.0428  0.0735  1.1170 -0.0428  1.0000  1.1170
   0.800
           1 114.760  0.0000  0.3942  0.5803  0.8121  0.9434 -0.3023  3.0703  0.9486  0.9790  0.7781
           2   0.060  0.0000  1.1170  0.0000  1.1170 -0.0433  0.0738  1.1170 -0.0433  1.0000  1.1170
   0.825
           1 114.809  0.0000  0.3993  0.5807  0.8130  0.9515 -0.2988  3.0814  0.9568  0.9786  0.7803
           2   0.062  0.0000  1.1170  0.0000  1.1170 -0.0438  0.0740  1.1170 -0.0438  1.0000  1.1170
   0.850
           1 114.856  0.0000  0.4045  0.5810  0.8139  0.9596 -0.2953  3.0926  0.9649  0.9783  0.7825
           2   0.064  0.0000  1.1170  0.0000  1.1170 -0.0443  0.0743  1.1170 -0.0443  1.0000  1.1170
   0.875
           1 114.904  0.0000  0.4096  0.5813  0.8148  0.9676 -0.2917  3.1037  0.9730  0.9780  0.7847
           2   0.066  0.0000  1.1170  0.0000  1.1170 -0.0449  0.0746  1.1170 -0.0448  1.0000  1.1170
   0.900
           1 114.950  0.0000  0.4147  0.5817  0.8157  0.9757 -0.2882  3.1149  0.9811  0.9776  0.7869
           2   0.067  0.0000  1.1170  0.0000  1.1170 -0.0454  0.0748  1.1170 -0.0454  1.0000  1.1170
   0.925
           1 114.995  0.0000  0.4197  0.5820  0.8166  0.9836 -0.2846  3.1259  0.9891  0.9773  0.7891
           2   0.069  0.0000  1.1170  0.0000  1.1170 -0.0459  0.0751  1.1170 -0.0459  1.0000  1.1170
   0.950
           1 115.040  0.0000  0.4248  0.5823  0.8176  0.9916 -0.2809  3.1368  0.9972  0.9769  0.7914
           2   0.071  0.0000  1.1170  0.0000  1.1170 -0.0464  0.0754  1.1170 -0.0464  1.0000  1.1170
   0.975
           1 115.084  0.0000  0.4298  0.5827  0.8185  0.9996 -0.2773  3.1475  1.0052  0.9765  0.7936
           2   0.073  0.0000  1.1170  0.0000  1.1170 -0.0469  0.0756  1.1170 -0.0469  1.0000  1.1170
   1.000
           1 115.128  0.0000  0.4348  0.5830  0.8194  1.0075 -0.2736  3.1582  1.0132  0.9762  0.7959
           2   0.075  0.0000  1.1170  0.0000  1.1170 -0.0474  0.0759  1.1170 -0.0474  1.0000  1.1170
   1.025
           1 115.170  0.0000  0.4398  0.5833  0.8204  1.0154 -0.2699  3.1686  1.0211  0.9758  0.7982
           2   0.077  0.0000  1.1170  0.0000  1.1170 -0.0479  0.0762  1.1170 -0.0479  1.0000  1.1170
   1.050
           1 115.212  0.0000  0.4448  0.5836  0.8214  1.0232 -0.2661  3.1788  1.0290  0.9754  0.8005
           2   0.079  0.0000  1.1170  0.0000  1.1170 -0.0484  0.0764  1.1170 -0.0484  1.0000  1.1170
   1.075
           1 115.253  0.0000  0.4498  0.5840  0.8223  1.0310 -0.2624  3.1889  1.0369  0.9750  0.8027
           2   0.081  0.0000  1.1170  0.0000  1.1170 -0.0489  0.0767  1.1170 -0.0489  1.0000  1.1170
   1.100
           1 115.293  0.0000  0.4547  0.5843  0.8233  1.0388 -0.2586  3.1987  1.0448  0.9746  0.8050
           2   0.082  0.0000  1.1170  0.0000  1.1170 -0.0494  0.0769  1.1170 -0.0494  1.0000  1.1170
   1.125
           1 115.333  0.0000  0.4596  0.5846  0.8243  1.0466 -0.2548  3.2084  1.0526  0.9742  0.8073
           2   0.084  0.0000  1.1170  0.0000  1.1170 -0.0499  0.0772  1.1170 -0.0498  1.0000  1.1170
   1.150
           1 115.372  0.0000  0.4645  0.5849  0.8253  1.0543 -0.2510  3.2179  1.0604  0.9737  0.8096
           2   0.086  0.0000  1.1170  0.0000  1.1170 -0.0503  0.0775  1.1170 -0.0503  1.0000  1.1170
   1.175
           1 115.411  0.0000  0.4694  0.5852  0.8263  1.0620 -0.2471  3.2272  1.0682  0.9733  0.8120
           2   0.088  0.0000  1.1170  0.0000  1.1170 -0.0508  0.0777  1.1170 -0.0508  1.0000  1.1170
   1.200
           1 115.448  0.0000  0.4742  0.5855  0.8273  1.0697 -0.2433  3.2363  1.0759  0.9729  0.8143
           2   0.090  0.0000  1.1170  0.0000  1.1170 -0.0513  0.0780  1.1170 -0.0513  1.0000  1.1170
   1.225
           1 115.485  0.0000  0.4790  0.5858  0.8283  1.0773 -0.2394  3.2452  1.0836  0.9724  0.8166
           2   0.092  0.0000  1.1170  0.0000  1.1170 -0.0518  0.0782  1.1170 -0.0518  1.0000  1.1170
   1.250
           1 115.522  0.0000  0.4838  0.5861  0.8293  1.0849 -0.2355  3.2540  1.0912  0.9720  0.8189
           2   0.094  0.0000  1.1170  0.0000  1.1170 -0.0522  0.0785  1.1170 -0.0522  1.0000  1.1170
   1.275
           1 115.557  0.0000  0.4886  0.5864  0.8303  1.0925 -0.2316  3.2626  1.0989  0.9715  0.8212
           2   0.096  0.0000  1.1170  0.0000  1.1170 -0.0527  0.0787  1.1170 -0.0527  1.0000  1.1170
   1.300
           1 115.592  0.0000  0.4933  0.5867  0.8314  1.1000 -0.2276  3.2709  1.1064  0.9711  0.8236
           2   0.097  0.0000  1.1170  0.0000  1.1170 -0.0532  0.0790  1.1170 -0.0532  1.0000  1.1170
   1.325
           1 115.627  0.0000  0.4980  0.5869  0.8324  1.1075 -0.2237  3.2792  1.1140  0.9706  0.8259
           2   0.099  0.0000  1.1170  0.0000  1.1170 -0.0536  0.0792  1.1170 -0.0536  1.0000  1.1170
   1.350
           1 115.660  0.0000  0.5027  0.5872  0.8334  1.1149 -0.2198  3.2872  1.1215  0.9701  0.8282
           2   0.101  0.0000  1.1170  0.0000  1.1170 -0.0541  0.0794  1.1170 -0.0541  1.0000  1.1170
   1.375
           1 115.693  0.0000  0.5073  0.5875  0.8345  1.1223 -0.2158  3.2951  1.1289  0.9696  0.8305
           2   0.103  0.0000  1.1170  0.0000  1.1170 -0.0546  0.0797  1.1170 -0.0545  1.0000  1.1170
   1.400
           1 115.726  0.0000  0.5120  0.5878  0.8355  1.1296 -0.2118  3.3028  1.1363  0.9691  0.8329
           2   0.105  0.0000  1.1170  0.0000  1.1170 -0.0550  0.0799  1.1170 -0.0550  1.0000  1.1170
   1.425
           1 115.757  0.0000  0.5165  0.5880  0.8365  1.1369 -0.2079  3.3104  1.1437  0.9686  0.8352
           2   0.107  0.0000  1.1170  0.0000  1.1170 -0.0555  0.0802  1.1170 -0.0554  1.0000  1.1170
   1.450
           1 115.788  0.0000  0.5211  0.5883  0.8376  1.1442 -0.2039  3.3178  1.1510  0.9681  0.8375
           2   0.109  0.0000  1.1170  0.0000  1.1170 -0.0559  0.0804  1.1170 -0.0559  1.0000  1.1170
   1.475
           1 115.819  0.0000  0.5256  0.5885  0.8386  1.1514 -0.1999  3.3250  1.1583  0.9676  0.8398
           2   0.111  0.0000  1.1170  0.0000  1.1170 -0.0563  0.0806  1.1170 -0.0563  1.0000  1.1170
   1.500
           1 115.849  0.0000  0.5301  0.5888  0.8397  1.1586 -0.1959  3.3320  1.1656  0.9671  0.8421
           2   0.112  0.0000  1.1170  0.0000  1.1170 -0.0568  0.0809  1.1170 -0.0568  1.0000  1.1170
   1.525
           1 115.878  0.0000  0.5346  0.5890  0.8407  1.1657 -0.1919  3.3389  1.1727  0.9665  0.8445
           2   0.114  0.0000  1.1170  0.0000  1.1170 -0.0572  0.0811  1.1170 -0.0572  1.0000  1.1170
   1.550
           1 115.907  0.0000  0.5391  0.5893  0.8418  1.1728 -0.1879  3.3457  1.1799  0.9660  0.8468
           2   0.116  0.0000  1.1170  0.0000  1.1170 -0.0576  0.0814  1.1170 -0.0576  1.0000  1.1170
   1.575
           1 115.935  0.0000  0.5435  0.5895  0.8428  1.1798 -0.1839  3.3523  1.1870  0.9654  0.8491
           2   0.118  0.0000  1.1170  0.0000  1.1170 -0.0581  0.0816  1.1170 -0.0580  1.0000  1.1170
   1.600
           1 115.962  0.0000  0.5478  0.5897  0.8439  1.1868 -0.1799  3.3587  1.1940  0.9649  0.8513
           2   0.120  0.0000  1.1170  0.0000  1.1170 -0.0585  0.0818  1.1170 -0.0585  1.0000  1.1170
   1.625
           1 115.989  0.0000  0.5522  0.5900  0.8449  1.1937 -0.1759  3.3650  1.2010  0.9643  0.8536
           2   0.122  0.0000  1.1170  0.0000  1.1170 -0.0589  0.0820  1.1170 -0.0589  1.0000  1.1170
   1.650
           1 116.016  0.0000  0.5565  0.5902  0.8460  1.2006 -0.1719  3.3711  1.2080  0.9638  0.8559
           2   0.124  0.0000  1.1170  0.0000  1.1170 -0.0593  0.0823  1.1170 -0.0593  1.0000  1.1170
   1.675
           1 116.042  0.0000  0.5608  0.5904  0.8470  1.2075 -0.1679  3.3771  1.2149  0.9632  0.8582
           2   0.126  0.0000  1.1170  0.0000  1.1170 -0.0597  0.0825  1.1170 -0.0597  1.0000  1.1170
   1.700
           1 116.067  0.0000  0.5650  0.5906  0.8481  1.2142 -0.1639  3.3829  1.2217  0.9626  0.8604
           2   0.128  0.0000  1.1170  0.0000  1.1170 -0.0601  0.0827  1.1170 -0.0601  1.0000  1.1170
   1.725
           1 116.091  0.0000  0.5692  0.5908  0.8491  1.2210 -0.1599  3.3886  1.2285  0.9620  0.8627
           2   0.129  0.0000  1.1170  0.0000  1.1170 -0.0605  0.0829  1.1170 -0.0605  1.0000  1.1170
   1.750
           1 116.116  0.0000  0.5734  0.5910  0.8502  1.2277 -0.1560  3.3941  1.2352  0.9614  0.8649
           2   0.131  0.0000  1.1170  0.0000  1.1170 -0.0609  0.0831  1.1170 -0.0609  1.0000  1.1170
   1.775
           1 116.139  0.0000  0.5775  0.5912  0.8512  1.2343 -0.1520  3.3995  1.2419  0.9608  0.8672
           2   0.133  0.0000  1.1170  0.0000  1.1170 -0.0613  0.0834  1.1170 -0.0613  1.0000  1.1170
   1.800
           1 116.162  0.0000  0.5816  0.5914  0.8523  1.2409 -0.1480  3.4047  1.2486  0.9602  0.8694
           2   0.135  0.0000  1.1170  0.0000  1.1170 -0.0617  0.0836  1.1170 -0.0617  1.0000  1.1170
   1.825
           1 116.185  0.0000  0.5857  0.5916  0.8533  1.2474 -0.1441  3.4098  1.2551  0.9596  0.8716
           2   0.137  0.0000  1.1170  0.0000  1.1170 -0.0621  0.0838  1.1170 -0.0621  1.0000  1.1170
   1.850
           1 116.207  0.0000  0.5897  0.5918  0.8543  1.2539 -0.1401  3.4148  1.2617  0.9590  0.8738
           2   0.139  0.0000  1.1170  0.0000  1.1170 -0.0625  0.0840  1.1170 -0.0625  1.0000  1.1170
   1.875
           1 116.228  0.0000  0.5937  0.5920  0.8554  1.2603 -0.1362  3.4196  1.2681  0.9584  0.8760
           2   0.141  0.0000  1.1170  0.0000  1.1170 -0.0629  0.0842  1.1170 -0.0629  1.0000  1.1170
   1.900
           1 116.249  0.0000  0.5977  0.5922  0.8564  1.2666 -0.1323  3.4243  1.2746  0.9577  0.8782
           2   0.143  0.0000  1.1170  0.0000  1.1170 -0.0633  0.0844  1.1170 -0.0633  1.0000  1.1170
   1.925
           1 116.269  0.0000  0.6016  0.5923  0.8574  1.2729 -0.1284  3.4289  1.2809  0.9571  0.8804
           2   0.144  0.0000  1.1170  0.0000  1.1170 -0.0636  0.0846  1.1170 -0.0636  1.0000  1.1170
   1.950
           1 116.289  0.0000  0.6055  0.5925  0.8585  1.2792 -0.1245  3.4333  1.2872  0.9564  0.8825
           2   0.146  0.0000  1.1170  0.0000  1.1170 -0.0640  0.0848  1.1170 -0.0640  1.0000  1.1170
   1.975
           1 116.308  0.0000  0.6094  0.5926  0.8595  1.2854 -0.1206  3.4376  1.2935  0.9558  0.8847
           2   0.148  0.0000  1.1170  0.0000  1.1170 -0.0644  0.0850  1.1170 -0.0644  1.0000  1.1170
   2.000
           1 116.327  0.0000  0.6132  0.5928  0.8605  1.2915 -0.1167  3.4417  1.2997  0.9552  0.8868
           2   0.150  0.0000  1.1170  0.0000  1.1170 -0.0647  0.0852  1.1170 -0.0647  1.0000  1.1170
   2.025
           1 116.346  0.0000  0.6170  0.5929  0.8615  1.2976 -0.1129  3.4458  1.3058  0.9545  0.8889
           2   0.152  0.0000  1.1170  0.0000  1.1170 -0.0651  0.0854  1.1170 -0.0651  1.0000  1.1170
   2.050
           1 116.363  0.0000  0.6208  0.5931  0.8625  1.3036 -0.1090  3.4497  1.3119  0.9538  0.8910
           2   0.154  0.0000  1.1170  0.0000  1.1170 -0.0655  0.0856  1.1170 -0.0654  1.0000  1.1170
   2.075
           1 116.381  0.0000  0.6245  0.5932  0.8635  1.3096 -0.1052  3.4535  1.3179  0.9532  0.8931
           2   0.156  0.0000  1.1170  0.0000  1.1170 -0.0658  0.0858  1.1170 -0.0658  1.0000  1.1170
   2.100
           1 116.398  0.0000  0.6281  0.5934  0.8645  1.3155 -0.1014  3.4571  1.3239  0.9525  0.8952
           2   0.158  0.0000  1.1170  0.0000  1.1170 -0.0662  0.0860  1.1170 -0.0661  1.0000  1.1170
   2.125
           1 116.414  0.0000  0.6318  0.5935  0.8655  1.3213 -0.0976  3.4607  1.3298  0.9518  0.8972
           2   0.159  0.0000  1.1170  0.0000  1.1170 -0.0665  0.0862  1.1170 -0.0665  1.0000  1.1170
   2.150
           1 116.430  0.0000  0.6354  0.5936  0.8665  1.3271 -0.0939  3.4641  1.3356  0.9511  0.8993
           2   0.161  0.0000  1.1170  0.0000  1.1170 -0.0668  0.0864  1.1170 -0.0668  1.0000  1.1170
   2.175
           1 116.446  0.0000  0.6389  0.5937  0.8675  1.3328 -0.0902  3.4674  1.3414  0.9505  0.9013
           2   0.163  0.0000  1.1170  0.0000  1.1170 -0.0672  0.0866  1.1170 -0.0672  1.0000  1.1170
   2.200
           1 116.461  0.0000  0.6425  0.5939  0.8685  1.3385 -0.0864  3.4706  1.3471  0.9498  0.9033
           2   0.165  0.0000  1.1170  0.0000  1.1170 -0.0675  0.0867  1.1170 -0.0675  1.0000  1.1170
   2.225
           1 116.476  0.0000  0.6460  0.5940  0.8695  1.3441 -0.0828  3.4737  1.3528  0.9491  0.9053
           2   0.167  0.0000  1.1170  0.0000  1.1170 -0.0678  0.0869  1.1170 -0.0678  1.0000  1.1170
   2.250
           1 116.490  0.0000  0.6494  0.5941  0.8704  1.3497 -0.0791  3.4767  1.3584  0.9484  0.9073
           2   0.169  0.0000  1.1170  0.0000  1.1170 -0.0682  0.0871  1.1170 -0.0681  1.0000  1.1170
   2.275
           1 116.504  0.0000  0.6528  0.5942  0.8714  1.3552 -0.0754  3.4796  1.3639  0.9477  0.9092
           2   0.171  0.0000  1.1170  0.0000  1.1170 -0.0685  0.0873  1.1170 -0.0685  1.0000  1.1170
   2.300
           1 116.518  0.0000  0.6562  0.5943  0.8723  1.3606 -0.0718  3.4823  1.3694  0.9470  0.9112
           2   0.173  0.0000  1.1170  0.0000  1.1170 -0.0688  0.0874  1.1170 -0.0688  1.0000  1.1170
   2.325
           1 116.531  0.0000  0.6595  0.5944  0.8733  1.3660 -0.0682  3.4850  1.3748  0.9463  0.9131
           2   0.174  0.0000  1.1170  0.0000  1.1170 -0.0691  0.0876  1.1170 -0.0691  1.0000  1.1170
   2.350
           1 116.544  0.0000  0.6628  0.5945  0.8742  1.3713 -0.0647  3.4876  1.3802  0.9456  0.9150
           2   0.176  0.0000  1.1170  0.0000  1.1170 -0.0694  0.0878  1.1170 -0.0694  1.0000  1.1170
   2.375
           1 116.556  0.0000  0.6661  0.5945  0.8752  1.3765 -0.0611  3.4900  1.3855  0.9449  0.9169
           2   0.178  0.0000  1.1170  0.0000  1.1170 -0.0697  0.0880  1.1170 -0.0697  1.0000  1.1170
   2.400
           1 116.568  0.0000  0.6693  0.5946  0.8761  1.3817 -0.0576  3.4924  1.3907  0.9442  0.9188
           2   0.180  0.0000  1.1170  0.0000  1.1170 -0.0700  0.0881  1.1170 -0.0700  1.0000  1.1170
   2.425
           1 116.580  0.0000  0.6725  0.5947  0.8770  1.3869 -0.0541  3.4946  1.3959  0.9435  0.9206
           2   0.182  0.0000  1.1170  0.0000  1.1170 -0.0703  0.0883  1.1170 -0.0703  1.0000  1.1170
   2.450
           1 116.591  0.0000  0.6756  0.5948  0.8779  1.3919 -0.0507  3.4968  1.4011  0.9428  0.9225
           2   0.184  0.0000  1.1170  0.0000  1.1170 -0.0706  0.0885  1.1170 -0.0706  1.0000  1.1170
   2.475
           1 116.602  0.0000  0.6787  0.5948  0.8788  1.3970 -0.0472  3.4989  1.4061  0.9421  0.9243
           2   0.186  0.0000  1.1170  0.0000  1.1170 -0.0709  0.0886  1.1170 -0.0709  1.0000  1.1170
   2.500
           1 116.613  0.0000  0.6818  0.5949  0.8797  1.4019 -0.0438  3.5009  1.4111  0.9414  0.9261
           2   0.188  0.0000  1.1170  0.0000  1.1170 -0.0712  0.0888  1.1170 -0.0712  1.0000  1.1170
   2.525
           1 116.623  0.0000  0.6849  0.5950  0.8806  1.4068 -0.0404  3.5028  1.4161  0.9407  0.9279
           2   0.189  0.0000  1.1170  0.0000  1.1170 -0.0715  0.0889  1.1170 -0.0714  1.0000  1.1170
   2.550
           1 116.633  0.0000  0.6879  0.5950  0.8815  1.4116 -0.0371  3.5046  1.4209  0.9399  0.9296
           2   0.191  0.0000  1.1170  0.0000  1.1170 -0.0717  0.0891  1.1170 -0.0717  1.0000  1.1170
   2.575
           1 116.642  0.0000  0.6908  0.5951  0.8823  1.4164 -0.0338  3.5063  1.4258  0.9392  0.9314
           2   0.193  0.0000  1.1170  0.0000  1.1170 -0.0720  0.0892  1.1170 -0.0720  1.0000  1.1170
   2.600
           1 116.652  0.0000  0.6937  0.5951  0.8832  1.4211 -0.0305  3.5080  1.4305  0.9385  0.9331
           2   0.195  0.0000  1.1170  0.0000  1.1170 -0.0723  0.0894  1.1170 -0.0723  1.0000  1.1170
   2.625
           1 116.661  0.0000  0.6966  0.5951  0.8841  1.4258 -0.0272  3.5095  1.4352  0.9378  0.9348
           2   0.197  0.0000  1.1170  0.0000  1.1170 -0.0726  0.0895  1.1170 -0.0725  1.0000  1.1170
   2.650
           1 116.669  0.0000  0.6995  0.5952  0.8849  1.4304 -0.0240  3.5110  1.4399  0.9371  0.9365
           2   0.199  0.0000  1.1170  0.0000  1.1170 -0.0728  0.0897  1.1170 -0.0728  1.0000  1.1170
   2.675
           1 116.678  0.0000  0.7023  0.5952  0.8858  1.4349 -0.0208  3.5124  1.4444  0.9364  0.9382
           2   0.201  0.0000  1.1170  0.0000  1.1170 -0.0731  0.0898  1.1170 -0.0731  1.0000  1.1170
   2.700
           1 116.686  0.0000  0.7051  0.5953  0.8866  1.4394 -0.0177  3.5137  1.4490  0.9357  0.9398
           2   0.203  0.0000  1.1170  0.0000  1.1170 -0.0733  0.0900  1.1170 -0.0733  1.0000  1.1170
   2.725
           1 116.693  0.0000  0.7078  0.5953  0.8874  1.4438 -0.0146  3.5150  1.4534  0.9350  0.9414
           2   0.205  0.0000  1.1170  0.0000  1.1170 -0.0736  0.0901  1.1170 -0.0736  1.0000  1.1170
   2.750
           1 116.701  0.0000  0.7105  0.5953  0.8882  1.4482 -0.0115  3.5161  1.4578  0.9343  0.9430
           2   0.206  0.0000  1.1170  0.0000  1.1170 -0.0738  0.0902  1.1170 -0.0738  1.0000  1.1170
   2.775
           1 116.708  0.0000  0.7132  0.5953  0.8890  1.4525 -0.0084  3.5172  1.4622  0.9336  0.9446
           2   0.208  0.0000  1.1170  0.0000  1.1170 -0.0741  0.0904  1.1170 -0.0741  1.0000  1.1170
   2.800
           1 116.715  0.0000  0.7158  0.5954  0.8898  1.4567 -0.0054  3.5183  1.4665  0.9329  0.9462
           2   0.210  0.0000  1.1170  0.0000  1.1170 -0.0743  0.0905  1.1170 -0.0743  1.0000  1.1170
   2.825
           1 116.722  0.0000  0.7184  0.5954  0.8906  1.4609 -0.0024  3.5192  1.4707  0.9322  0.9478
           2   0.212  0.0000  1.1170  0.0000  1.1170 -0.0746  0.0906  1.1170 -0.0745  1.0000  1.1170
   2.850
           1 116.728  0.0000  0.7209  0.5954  0.8914  1.4650  0.0006  3.5201  1.4748  0.9315  0.9493
           2   0.214  0.0000  1.1170  0.0000  1.1170 -0.0748  0.0908  1.1170 -0.0748  1.0000  1.1170
   2.875
           1 116.734  0.0000  0.7235  0.5954  0.8922  1.4691  0.0035  3.5210  1.4789  0.9308  0.9508
           2   0.216  0.0000  1.1170  0.0000  1.1170 -0.0750  0.0909  1.1170 -0.0750  1.0000  1.1170
   2.900
           1 116.740  0.0000  0.7259  0.5954  0.8929  1.4731  0.0064  3.5217  1.4830  0.9301  0.9523
           2   0.218  0.0000  1.1170  0.0000  1.1170 -0.0752  0.0910  1.1170 -0.0752  1.0000  1.1170
   2.925
           1 116.746  0.0000  0.7284  0.5954  0.8937  1.4770  0.0093  3.5224  1.4870  0.9294  0.9537
           2   0.220  0.0000  1.1170  0.0000  1.1170 -0.0755  0.0912  1.1170 -0.0755  1.0000  1.1170
   2.950
           1 116.752  0.0000  0.7308  0.5954  0.8944  1.4809  0.0121  3.5231  1.4909  0.9287  0.9552
           2   0.221  0.0000  1.1170  0.0000  1.1170 -0.0757  0.0913  1.1170 -0.0757  1.0000  1.1170
   2.975
           1 116.757  0.0000  0.7332  0.5954  0.8951  1.4848  0.0149  3.5237  1.4948  0.9280  0.9566
           2   0.223  0.0000  1.1170  0.0000  1.1170 -0.0759  0.0914  1.1170 -0.0759  1.0000  1.1170
1
0          A - ROTOR ANGLE, DEG                                                             SCALE FACTOR = 1.0E+02
         -0.20      0.00      0.20      0.40      0.60      0.80      1.00      1.20      1.40      1.60      1.80
0          B - TERM VOLTAGE, PU                                                             SCALE FACTOR = 1.0E+00
          0.00      0.20      0.40      0.60      0.80      1.00      1.20      1.40      1.60      1.80      2.00
0          C - REAL POWER, PU                                                               SCALE FACTOR = 1.0E+00
          0.00      0.20      0.40      0.60      0.80      1.00      1.20      1.40      1.60      1.80      2.00
0          D - FIELD VOLTAGE, PU                                                            SCALE FACTOR = 1.0E+00
          0.00      0.50      1.00      1.50      2.00      2.50      3.00      3.50      4.00      4.50      5.00
0    TIME  +++++++++++++++++++++++++++++++++++++++++++++++++++++++++++++++++++++++++++++++++++++++++++++++++++++
     0.000 C         B         +         +        D+         +       A +         +         +         +         +
           C         B                             D                                                            
           C         B                             AD                                                           
           +                                   C  B  D                       A                                  
           +                                   C  B   D                      A                                  
           +                                    C B    D                     A                                  
           +                                    C B     D                    A                                  
           +                                    C B      D                   A                                  
           +                                    C B        D                 A                                  
           +                                     CB         D                A                                  
     0.250 +         +         +         +       CB+         D         +     A   +         +         +         +
           +                                     CB           D              A                                  
           +                                      C            D             A                                  
           +                                      C             D            A                                  
           +                                      C              D           A                                  
           +                                      BC              D          A                                  
           +                                      BC               D         A                                  
           +                                       C                D        A                                  
           +                                       BC               D        A                                  
           +                                       BC                D        A                                 
     0.500 +         +         +         +         B C       +       D +      A  +         +         +         +
           +                                       B C               D        A                                 
           +                                       B  C               D       A                                 
           +                                       B  C               D       A                                 
           +                                       B  C               D       A                                 
           +                                       B   C              D       A                                 
           +                                       B   C               D      A                                 
           +                                       B    C              D      A                                 
           +                                       B    C              D      A                                 
           +                                       B    C              D      A                                 
     0.750 +         +         +         +         B     C   +         D      A  +         +         +         +
           +                                       B     C              D     A                                 
           +                                       B      C             D     A                                 
           +                                       B      C             D     A                                 
           +                                       B      C             D     A                                 
           +                                       B       C             D    A                                 
           +                                       B       C             D    A                                 
           +                                       B        C            D    A                                 
           +                                       B        C            D    A                                 
           +                                       B        C            D    A                                 
     1.000 +         +         +         +         B         C         +  D   A  +         +         +         +
           +                                        B        C            D   A                                 
           +                                        B         C           D   A                                 
           +                                        B         C           D   A                                 
           +                                        B         C           D   A                                 
           +                                        B          C           D  A                                 
           +                                        B          C           D  A                                 
           +                                        B           C          D  A                                 
           +                                        B           C          D  A                                 
           +                                        B           C          D  A                                 
     1.250 +         +         +         +         +B        +   C     +    D A  +         +         +         +
           +                                        B            C          D A                                 
           +                                        B            C          D A                                 
           +                                        B             C         D A                                 
           +                                        B             C         D A                                 
           +                                        B              C        D A                                 
           +                                        B              C         DA                                 
           +                                        B              C         DA                                 
           +                                        B               C        DA                                 
           +                                        B               C        DA                                 
     1.500 +         +         +         +         +B        +      C  +     DA  +         +         +         +
           +                                         B               C       DA                                 
           +                                         B               C       DA                                 
           +                                         B               C        D                                 
           +                                         B                C       D                                 
           +                                         B                C       D                                 
           +                                         B                 C      DA                                
           +                                         B                 C      DA                                
           +                                         B                 C      DA                                
           +                                         B                  C     DA                                
     1.750 +         +         +         +         + B       +         +C     DA +         +         +         +
           +                                         B                  C     DA                                
           +                                         B                   C     D                                
           +                                         B                   C     D                                
           +                                         B                   C     D                                
           +                                         B                    C    D                                
           +                                         B                    C    D                                
           +                                         B                    C    D                                
           +                                         B                    C    D                                
           +                                         B                     C   D                                
     2.000 +         +         +         +         +  B      +         +   C   D +         +         +         +
           +                                          B                    C   D                                
           +                                          B                     C  D                                
           +                                          B                     C  AD                               
           +                                          B                     C  AD                               
           +                                          B                      C AD                               
           +                                          B                      C AD                               
           +                                          B                      C AD                               
           +                                          B                      C AD                               
           +                                          B                       CAD                               
     2.250 +         +         +         +         +  B      +         +      CAD+         +         +         +
           +                                          B                       CAD                               
           +                                          B                        CD                               
           +                                          B                        CD                               
           +                                          B                        CD                               
           +                                          B                        CD                               
           +                                          B                        AD                               
           +                                          B                        AD                               
           +                                          B                        AD                               
           +                                          B                        AD                               
     2.500 +         +         +         +         +  B      +         +       A D         +         +         +
           +                                           B                       A D                              
           +                                           B                       A D                              
           +                                           B                       A D                              
           +                                           B                       A DC                             
           +                                           B                       A DC                             
           +                                           B                       A DC                             
           +                                           B                       A DC                             
           +                                           B                       A DC                             
           +                                           B                       A D C                            
     2.750 +         +         +         +         +   B     +         +       A D C       +         +         +
           +                                           B                       A D C                            
           +                                           B                       A D C                            
           +                                           B                       A D  C                           
           +                                           B                       A D  C                           
           +                                           B                       A D  C                           
           +                                           B                       A D  C                           
           +                                           B                       A D  C                           
           +                                           B                       A D   C                          
           +                                           B                       A D   C                          
