psdsim < examplestudy.dat
1                                     POWER  SYSTEM  RESOURCE  GROUP

                                       UNIVERSITY  OF  SASKATCHEWAN

                               POWER  SYSTEM  DYNAMIC  SIMULATION  PROGRAM


0NO. OF GENERATORS     2
 TIME STEP          0.001
 PRINT INTERVAL     0.025
0GENERATOR PARAMETERS
     1   800.0       3.820      0.3700E-02  0.1880       1.750      0.2750       1.680      0.4700    
         5.200       1.965       0.000      0.7978E-04   7.192    
     2  0.1000E+05   1000.       0.000       0.000      0.1000E-03  0.1000E-03  0.1000E-03  0.1000E-03
         1000.       1000.       0.000       0.000       0.000    
0 EXCITATION SYSTEM PARAMETERS
     1   25.00     -0.4450E-01  0.1600      0.6000E-01  0.5000       1.000      -1.000       1.000    
        0.1600E-02   1.456       0.000       0.000       0.000       0.000       0.000       0.000    
     2   0.000       0.000       0.000       0.000       0.000       0.000       0.000       0.000    
         0.000       0.000       0.000       0.000       0.000       0.000       0.000       0.000    
0 TURBINE-GOVERNOR PARAMETERS
     1   0.000       0.000       0.000       0.000       0.000       0.000       0.000       0.000    
         0.000       0.000       0.000       0.000       0.000       0.000       0.000       0.000    
     2   0.000       0.000       0.000       0.000       0.000       0.000       0.000       0.000    
         0.000       0.000       0.000       0.000       0.000       0.000       0.000       0.000    
0INITIAL GENERATOR TERMINAL CONDITIONS
  GEN         MW         MVAR      VOLTS     ANGLE
     1       800.0000 -166.0000   0.92550  26.05000
     2      -454.7000  533.2000   1.11700   0.00000
0       TERMINAL ADMITTANCE MATRIX FROM   0.000 TO   0.066 SECS.
            3.2787  -63.9344    0.0000    0.0000
            0.0000    0.0000    4.3414  -16.9377
0
1

                                         SIMULATED RESPONSES

   TIME  GEN  ROTOR   ROTOR    EQ'     ED'    TERM     ELEC-POWER     FIELD   MECH    SATN   AIR GAP
   SECS   NO  ANGLE   SPEED    VOLTS   VOLTS  VOLTS    REAL   IMAG    VOLTS   POWER  FACTOR   VOLTS

   0.000
           1  97.810  0.0000  0.5546  0.6235  0.2181  0.0195  0.3802  1.9910  1.0045  0.9960  0.5462
           2  -0.000  0.0000  1.1170 -0.0000  1.1170  0.0542  0.2113  1.1170 -0.0455  1.0000  1.1170
   0.025
           1  98.669  0.0033  0.5516  0.5998  0.2144  0.0188  0.3673  2.0387  1.0045  0.9962  0.5368
           2  -0.001 -0.0000  1.1170  0.0000  1.1170  0.0542  0.2113  1.1170 -0.0455  1.0000  1.1170
   0.050
           1 101.252  0.0064  0.5489  0.5774  0.2109  0.0182  0.3556  2.0903  1.0045  0.9965  0.5281
           2  -0.002 -0.0000  1.1170  0.0000  1.1170  0.0542  0.2113  1.1170 -0.0455  1.0000  1.1170
0       TERMINAL ADMITTANCE MATRIX FROM   0.066 TO   3.000 SECS.
            4.7196  -13.8959   -2.3252   13.4735
           -2.3252   13.4735    2.9890  -13.4568
0
   0.075
           1 105.455  0.0084  0.5473  0.5641  0.8714  1.0658 -0.2256  2.1419  1.0045  0.9631  0.8584
           2  -0.003 -0.0000  1.1170  0.0000  1.1170 -0.0507  0.0682  1.1170 -0.0455  1.0000  1.1170
   0.100
           1 109.932  0.0081  0.5469  0.5655  0.8558  1.1153 -0.2119  2.1936  1.0045  0.9652  0.8499
           2  -0.005 -0.0000  1.1170  0.0000  1.1170 -0.0540  0.0745  1.1170 -0.0455  1.0000  1.1170
   0.125
           1 114.206  0.0077  0.5460  0.5665  0.8388  1.1551 -0.1979  2.2453  1.0045  0.9675  0.8402
           2  -0.007 -0.0000  1.1170  0.0000  1.1170 -0.0566  0.0809  1.1170 -0.0455  1.0000  1.1170
   0.150
           1 118.206  0.0071  0.5449  0.5671  0.8210  1.1852 -0.1843  2.2971  1.0045  0.9698  0.8296
           2  -0.008 -0.0000  1.1170  0.0000  1.1170 -0.0584  0.0870  1.1170 -0.0455  1.0000  1.1170
   0.175
           1 121.875  0.0064  0.5434  0.5673  0.8031  1.2064 -0.1714  2.3489  1.0045  0.9720  0.8186
           2  -0.010 -0.0000  1.1170  0.0000  1.1170 -0.0596  0.0928  1.1170 -0.0455  1.0000  1.1170
   0.200
           1 125.175  0.0057  0.5417  0.5671  0.7857  1.2198 -0.1597  2.4007  1.0045  0.9741  0.8077
           2  -0.011 -0.0000  1.1170  0.0000  1.1170 -0.0602  0.0981  1.1170 -0.0455  1.0000  1.1170
   0.225
           1 128.081  0.0050  0.5400  0.5664  0.7692  1.2268 -0.1495  2.4526  1.0045  0.9760  0.7971
           2  -0.013 -0.0000  1.1170  0.0000  1.1170 -0.0604  0.1028  1.1170 -0.0455  1.0000  1.1170
   0.250
           1 130.578  0.0042  0.5381  0.5654  0.7542  1.2291 -0.1409  2.5045  1.0045  0.9776  0.7871
           2  -0.014 -0.0000  1.1170  0.0000  1.1170 -0.0603  0.1069  1.1170 -0.0455  1.0000  1.1170
   0.275
           1 132.660  0.0035  0.5362  0.5640  0.7409  1.2280 -0.1342  2.5564  1.0045  0.9790  0.7781
           2  -0.015 -0.0000  1.1170  0.0000  1.1170 -0.0600  0.1103  1.1170 -0.0455  1.0000  1.1170
   0.300
           1 134.330  0.0027  0.5344  0.5623  0.7297  1.2248 -0.1293  2.6084  1.0045  0.9801  0.7703
           2  -0.016 -0.0000  1.1170  0.0000  1.1170 -0.0596  0.1130  1.1170 -0.0455  1.0000  1.1170
   0.325
           1 135.592  0.0019  0.5327  0.5605  0.7207  1.2205 -0.1261  2.6605  1.0045  0.9810  0.7637
           2  -0.017 -0.0000  1.1170  0.0000  1.1170 -0.0592  0.1151  1.1170 -0.0455  1.0000  1.1170
   0.350
           1 136.453  0.0012  0.5312  0.5584  0.7140  1.2159 -0.1246  2.7125  1.0045  0.9817  0.7585
           2  -0.018 -0.0000  1.1170  0.0000  1.1170 -0.0588  0.1165  1.1170 -0.0455  1.0000  1.1170
   0.375
           1 136.922  0.0005  0.5298  0.5564  0.7097  1.2116 -0.1248  2.7647  1.0045  0.9821  0.7548
           2  -0.019 -0.0000  1.1170  0.0000  1.1170 -0.0584  0.1172  1.1170 -0.0455  1.0000  1.1170
   0.400
           1 137.004 -0.0002  0.5287  0.5543  0.7078  1.2080 -0.1264  2.8168  1.0045  0.9824  0.7527
           2  -0.019 -0.0000  1.1170  0.0000  1.1170 -0.0582  0.1174  1.1170 -0.0455  1.0000  1.1170
   0.425
           1 136.708 -0.0009  0.5279  0.5523  0.7085  1.2052 -0.1295  2.8690  1.0045  0.9825  0.7521
           2  -0.020 -0.0000  1.1170  0.0000  1.1170 -0.0581  0.1169  1.1170 -0.0455  1.0000  1.1170
   0.450
           1 136.037 -0.0016  0.5274  0.5504  0.7115  1.2033 -0.1339  2.9212  1.0045  0.9824  0.7532
           2  -0.020 -0.0000  1.1170  0.0000  1.1170 -0.0581  0.1159  1.1170 -0.0455  1.0000  1.1170
   0.475
           1 134.996 -0.0023  0.5272  0.5487  0.7170  1.2019 -0.1395  2.9735  1.0045  0.9820  0.7559
           2  -0.021 -0.0000  1.1170  0.0000  1.1170 -0.0581  0.1143  1.1170 -0.0455  1.0000  1.1170
   0.500
           1 133.587 -0.0030  0.5275  0.5473  0.7248  1.2008 -0.1462  3.0258  1.0045  0.9815  0.7602
           2  -0.021 -0.0000  1.1170  0.0000  1.1170 -0.0582  0.1121  1.1170 -0.0455  1.0000  1.1170
   0.525
           1 131.813 -0.0036  0.5281  0.5462  0.7347  1.1993 -0.1539  3.0782  1.0045  0.9807  0.7661
           2  -0.021 -0.0000  1.1170  0.0000  1.1170 -0.0584  0.1094  1.1170 -0.0455  1.0000  1.1170
   0.550
           1 129.678 -0.0043  0.5293  0.5455  0.7468  1.1968 -0.1624  3.1306  1.0045  0.9796  0.7736
           2  -0.022 -0.0000  1.1170  0.0000  1.1170 -0.0584  0.1061  1.1170 -0.0455  1.0000  1.1170
   0.575
           1 127.185 -0.0050  0.5309  0.5452  0.7607  1.1924 -0.1716  3.1830  1.0045  0.9783  0.7824
           2  -0.022 -0.0000  1.1170  0.0000  1.1170 -0.0584  0.1022  1.1170 -0.0455  1.0000  1.1170
   0.600
           1 124.344 -0.0056  0.5332  0.5452  0.7763  1.1851 -0.1813  3.2355  1.0045  0.9767  0.7926
           2  -0.022  0.0000  1.1170  0.0000  1.1170 -0.0582  0.0977  1.1170 -0.0455  1.0000  1.1170
   0.625
           1 121.168 -0.0062  0.5360  0.5457  0.7932  1.1738 -0.1912  3.2756  1.0045  0.9748  0.8038
           2  -0.022  0.0000  1.1170  0.0000  1.1170 -0.0576  0.0928  1.1170 -0.0455  1.0000  1.1170
   0.650
           1 117.678 -0.0067  0.5394  0.5465  0.8109  1.1574 -0.2011  3.2938  1.0045  0.9726  0.8157
           2  -0.021  0.0000  1.1170  0.0000  1.1170 -0.0567  0.0874  1.1170 -0.0455  1.0000  1.1170
   0.675
           1 113.904 -0.0072  0.5432  0.5478  0.8291  1.1347 -0.2108  3.2902  1.0045  0.9701  0.8282
           2  -0.021  0.0000  1.1170  0.0000  1.1170 -0.0553  0.0817  1.1170 -0.0455  1.0000  1.1170
   0.700
           1 109.886 -0.0076  0.5475  0.5493  0.8473  1.1051 -0.2199  3.2665  1.0045  0.9674  0.8406
           2  -0.021  0.0000  1.1170  0.0000  1.1170 -0.0534  0.0758  1.1170 -0.0455  1.0000  1.1170
   0.725
           1 105.677 -0.0079  0.5522  0.5511  0.8648  1.0683 -0.2281  3.2249  1.0045  0.9645  0.8528
           2  -0.020  0.0000  1.1170  0.0000  1.1170 -0.0509  0.0697  1.1170 -0.0455  1.0000  1.1170
   0.750
           1 101.343 -0.0081  0.5573  0.5531  0.8813  1.0244 -0.2352  3.1774  1.0045  0.9616  0.8643
           2  -0.020  0.0000  1.1170  0.0000  1.1170 -0.0479  0.0638  1.1170 -0.0455  1.0000  1.1170
   0.775
           1  96.963 -0.0081  0.5627  0.5552  0.8964  0.9746 -0.2407  3.1299  1.0045  0.9587  0.8749
           2  -0.020  0.0000  1.1170  0.0000  1.1170 -0.0443  0.0581  1.1170 -0.0455  1.0000  1.1170
   0.800
           1  92.624 -0.0079  0.5685  0.5572  0.9097  0.9205 -0.2446  3.0823  1.0045  0.9559  0.8843
           2  -0.019  0.0000  1.1170  0.0000  1.1170 -0.0404  0.0529  1.1170 -0.0455  1.0000  1.1170
   0.825
           1  88.423 -0.0076  0.5747  0.5592  0.9211  0.8644 -0.2467  3.0346  1.0045  0.9534  0.8925
           2  -0.019  0.0000  1.1170  0.0000  1.1170 -0.0363  0.0481  1.1170 -0.0455  1.0000  1.1170
   0.850
           1  84.459 -0.0070  0.5811  0.5610  0.9307  0.8088 -0.2471  2.9869  1.0045  0.9511  0.8995
           2  -0.019  0.0000  1.1170  0.0000  1.1170 -0.0321  0.0440  1.1170 -0.0455  1.0000  1.1170
   0.875
           1  80.831 -0.0063  0.5879  0.5626  0.9385  0.7565 -0.2460  2.9392  1.0045  0.9490  0.9055
           2  -0.018  0.0000  1.1170  0.0000  1.1170 -0.0282  0.0405  1.1170 -0.0455  1.0000  1.1170
   0.900
           1  77.632 -0.0055  0.5948  0.5640  0.9449  0.7101 -0.2437  2.8915  1.0045  0.9472  0.9107
           2  -0.018  0.0000  1.1170  0.0000  1.1170 -0.0246  0.0377  1.1170 -0.0455  1.0000  1.1170
   0.925
           1  74.945 -0.0044  0.6019  0.5651  0.9501  0.6718 -0.2404  2.8437  1.0045  0.9455  0.9153
           2  -0.018 -0.0000  1.1170  0.0000  1.1170 -0.0217  0.0355  1.1170 -0.0455  1.0000  1.1170
   0.950
           1  72.838 -0.0033  0.6090  0.5660  0.9545  0.6434 -0.2365  2.7959  1.0045  0.9439  0.9195
           2  -0.018 -0.0000  1.1170  0.0000  1.1170 -0.0195  0.0338  1.1170 -0.0455  1.0000  1.1170
   0.975
           1  71.363 -0.0021  0.6160  0.5667  0.9584  0.6263 -0.2323  2.7480  1.0045  0.9423  0.9237
           2  -0.019 -0.0000  1.1170  0.0000  1.1170 -0.0181  0.0326  1.1170 -0.0455  1.0000  1.1170
   1.000
           1  70.550 -0.0009  0.6229  0.5672  0.9618  0.6213 -0.2277  2.7001  1.0045  0.9407  0.9278
           2  -0.019 -0.0000  1.1170  0.0000  1.1170 -0.0176  0.0318  1.1170 -0.0455  1.0000  1.1170
   1.025
           1  70.410  0.0004  0.6295  0.5677  0.9650  0.6286 -0.2230  2.6522  1.0045  0.9389  0.9321
           2  -0.020 -0.0000  1.1170  0.0000  1.1170 -0.0180  0.0314  1.1170 -0.0455  1.0000  1.1170
   1.050
           1  70.930  0.0016  0.6358  0.5682  0.9678  0.6481 -0.2182  2.6042  1.0045  0.9371  0.9364
           2  -0.021 -0.0000  1.1170  0.0000  1.1170 -0.0194  0.0315  1.1170 -0.0455  1.0000  1.1170
   1.075
           1  72.076  0.0027  0.6416  0.5688  0.9702  0.6790 -0.2130  2.5562  1.0045  0.9353  0.9407
           2  -0.022 -0.0000  1.1170  0.0000  1.1170 -0.0216  0.0321  1.1170 -0.0455  1.0000  1.1170
   1.100
           1  73.796  0.0037  0.6469  0.5695  0.9719  0.7200 -0.2075  2.5082  1.0045  0.9335  0.9447
           2  -0.023 -0.0000  1.1170  0.0000  1.1170 -0.0245  0.0331  1.1170 -0.0455  1.0000  1.1170
   1.125
           1  76.016  0.0045  0.6516  0.5704  0.9727  0.7695 -0.2014  2.4601  1.0045  0.9319  0.9483
           2  -0.025 -0.0000  1.1170  0.0000  1.1170 -0.0281  0.0347  1.1170 -0.0455  1.0000  1.1170
   1.150
           1  78.649  0.0052  0.6557  0.5714  0.9723  0.8253 -0.1947  2.4120  1.0045  0.9306  0.9511
           2  -0.026 -0.0000  1.1170  0.0000  1.1170 -0.0321  0.0368  1.1170 -0.0455  1.0000  1.1170
   1.175
           1  81.598  0.0057  0.6590  0.5726  0.9706  0.8850 -0.1871  2.3655  1.0045  0.9297  0.9530
           2  -0.028 -0.0000  1.1170  0.0000  1.1170 -0.0364  0.0394  1.1170 -0.0455  1.0000  1.1170
   1.200
           1  84.757  0.0060  0.6616  0.5739  0.9673  0.9459 -0.1788  2.3272  1.0045  0.9293  0.9538
           2  -0.029 -0.0000  1.1170  0.0000  1.1170 -0.0408  0.0426  1.1170 -0.0455  1.0000  1.1170
   1.225
           1  88.017  0.0061  0.6635  0.5753  0.9626  1.0056 -0.1699  2.2985  1.0045  0.9295  0.9535
           2  -0.031 -0.0000  1.1170  0.0000  1.1170 -0.0450  0.0462  1.1170 -0.0455  1.0000  1.1170
   1.250
           1  91.273  0.0060  0.6647  0.5768  0.9567  1.0620 -0.1604  2.2795  1.0045  0.9301  0.9521
           2  -0.033 -0.0000  1.1170  0.0000  1.1170 -0.0490  0.0501  1.1170 -0.0455  1.0000  1.1170
   1.275
           1  94.423  0.0057  0.6654  0.5783  0.9497  1.1131 -0.1508  2.2705  1.0045  0.9312  0.9498
           2  -0.034 -0.0000  1.1170  0.0000  1.1170 -0.0525  0.0542  1.1170 -0.0455  1.0000  1.1170
   1.300
           1  97.377  0.0052  0.6655  0.5798  0.9421  1.1578 -0.1414  2.2712  1.0045  0.9326  0.9468
           2  -0.036 -0.0000  1.1170  0.0000  1.1170 -0.0556  0.0582  1.1170 -0.0455  1.0000  1.1170
   1.325
           1 100.054  0.0046  0.6652  0.5812  0.9343  1.1954 -0.1325  2.2810  1.0045  0.9341  0.9434
           2  -0.038 -0.0000  1.1170  0.0000  1.1170 -0.0582  0.0620  1.1170 -0.0455  1.0000  1.1170
   1.350
           1 102.386  0.0039  0.6647  0.5825  0.9269  1.2258 -0.1246  2.2992  1.0045  0.9357  0.9399
           2  -0.039 -0.0000  1.1170  0.0000  1.1170 -0.0602  0.0655  1.1170 -0.0455  1.0000  1.1170
   1.375
           1 104.319  0.0032  0.6639  0.5837  0.9203  1.2490 -0.1179  2.3243  1.0045  0.9371  0.9366
           2  -0.040 -0.0000  1.1170  0.0000  1.1170 -0.0618  0.0684  1.1170 -0.0455  1.0000  1.1170
   1.400
           1 105.810  0.0023  0.6629  0.5848  0.9149  1.2657 -0.1128  2.3548  1.0045  0.9382  0.9338
           2  -0.042 -0.0000  1.1170  0.0000  1.1170 -0.0629  0.0706  1.1170 -0.0455  1.0000  1.1170
   1.425
           1 106.828  0.0014  0.6620  0.5858  0.9111  1.2762 -0.1094  2.3888  1.0045  0.9391  0.9318
           2  -0.043 -0.0000  1.1170  0.0000  1.1170 -0.0636  0.0722  1.1170 -0.0455  1.0000  1.1170
   1.450
           1 107.355  0.0005  0.6611  0.5867  0.9092  1.2811 -0.1079  2.4243  1.0045  0.9395  0.9307
           2  -0.044 -0.0000  1.1170  0.0000  1.1170 -0.0639  0.0730  1.1170 -0.0455  1.0000  1.1170
   1.475
           1 107.381 -0.0004  0.6604  0.5876  0.9093  1.2806 -0.1081  2.4589  1.0045  0.9395  0.9308
           2  -0.045 -0.0000  1.1170  0.0000  1.1170 -0.0639  0.0729  1.1170 -0.0455  1.0000  1.1170
   1.500
           1 106.907 -0.0014  0.6598  0.5885  0.9113  1.2748 -0.1101  2.4905  1.0045  0.9390  0.9319
           2  -0.046 -0.0000  1.1170  0.0000  1.1170 -0.0635  0.0721  1.1170 -0.0455  1.0000  1.1170
   1.525
           1 105.943 -0.0022  0.6595  0.5894  0.9154  1.2637 -0.1136  2.5171  1.0045  0.9381  0.9342
           2  -0.046 -0.0000  1.1170  0.0000  1.1170 -0.0628  0.0704  1.1170 -0.0455  1.0000  1.1170
   1.550
           1 104.507 -0.0031  0.6595  0.5903  0.9211  1.2471 -0.1184  2.5370  1.0045  0.9367  0.9375
           2  -0.047 -0.0000  1.1170  0.0000  1.1170 -0.0617  0.0681  1.1170 -0.0455  1.0000  1.1170
   1.575
           1 102.631 -0.0039  0.6599  0.5912  0.9283  1.2245 -0.1242  2.5486  1.0045  0.9348  0.9417
           2  -0.047 -0.0000  1.1170  0.0000  1.1170 -0.0601  0.0651  1.1170 -0.0455  1.0000  1.1170
   1.600
           1 100.353 -0.0046  0.6605  0.5922  0.9366  1.1958 -0.1306  2.5510  1.0045  0.9327  0.9465
           2  -0.048 -0.0000  1.1170  0.0000  1.1170 -0.0582  0.0615  1.1170 -0.0455  1.0000  1.1170
   1.625
           1  97.725 -0.0052  0.6615  0.5932  0.9456  1.1607 -0.1374  2.5439  1.0045  0.9303  0.9517
           2  -0.048 -0.0000  1.1170  0.0000  1.1170 -0.0558  0.0576  1.1170 -0.0455  1.0000  1.1170
   1.650
           1  94.809 -0.0056  0.6629  0.5943  0.9548  1.1195 -0.1440  2.5271  1.0045  0.9278  0.9570
           2  -0.048 -0.0000  1.1170  0.0000  1.1170 -0.0529  0.0534  1.1170 -0.0455  1.0000  1.1170
   1.675
           1  91.679 -0.0060  0.6646  0.5952  0.9638  1.0727 -0.1501  2.5014  1.0045  0.9253  0.9622
           2  -0.048 -0.0000  1.1170  0.0000  1.1170 -0.0495  0.0492  1.1170 -0.0455  1.0000  1.1170
   1.700
           1  88.417 -0.0061  0.6666  0.5961  0.9721  1.0215 -0.1554  2.4676  1.0045  0.9229  0.9669
           2  -0.048 -0.0000  1.1170  0.0000  1.1170 -0.0459  0.0450  1.1170 -0.0455  1.0000  1.1170
   1.725
           1  85.115 -0.0061  0.6690  0.5969  0.9796  0.9673 -0.1597  2.4274  1.0045  0.9208  0.9710
           2  -0.048 -0.0000  1.1170  0.0000  1.1170 -0.0419  0.0411  1.1170 -0.0455  1.0000  1.1170
   1.750
           1  81.867 -0.0059  0.6716  0.5975  0.9860  0.9122 -0.1629  2.3823  1.0045  0.9189  0.9745
           2  -0.048 -0.0000  1.1170  0.0000  1.1170 -0.0379  0.0376  1.1170 -0.0455  1.0000  1.1170
   1.775
           1  78.773 -0.0055  0.6744  0.5980  0.9913  0.8584 -0.1649  2.3344  1.0045  0.9174  0.9773
           2  -0.049 -0.0000  1.1170  0.0000  1.1170 -0.0339  0.0344  1.1170 -0.0455  1.0000  1.1170
   1.800
           1  75.928 -0.0050  0.6774  0.5981  0.9955  0.8081 -0.1659  2.2862  1.0045  0.9162  0.9795
           2  -0.049 -0.0000  1.1170  0.0000  1.1170 -0.0302  0.0318  1.1170 -0.0455  1.0000  1.1170
   1.825
           1  73.422 -0.0043  0.6805  0.5981  0.9987  0.7637 -0.1660  2.2379  1.0045  0.9153  0.9812
           2  -0.049 -0.0000  1.1170  0.0000  1.1170 -0.0268  0.0296  1.1170 -0.0455  1.0000  1.1170
   1.850
           1  71.332 -0.0034  0.6838  0.5979  1.0012  0.7270 -0.1654  2.1908  1.0045  0.9145  0.9826
           2  -0.050 -0.0000  1.1170  0.0000  1.1170 -0.0241  0.0280  1.1170 -0.0455  1.0000  1.1170
   1.875
           1  69.726 -0.0025  0.6870  0.5975  1.0031  0.6997 -0.1643  2.1466  1.0045  0.9138  0.9839
           2  -0.050 -0.0000  1.1170  0.0000  1.1170 -0.0220  0.0268  1.1170 -0.0455  1.0000  1.1170
   1.900
           1  68.652 -0.0015  0.6902  0.5969  1.0046  0.6829 -0.1628  2.1059  1.0045  0.9131  0.9851
           2  -0.051 -0.0000  1.1170  0.0000  1.1170 -0.0207  0.0260  1.1170 -0.0455  1.0000  1.1170
   1.925
           1  68.141 -0.0004  0.6932  0.5963  1.0059  0.6773 -0.1611  2.0692  1.0045  0.9123  0.9865
           2  -0.052 -0.0000  1.1170  0.0000  1.1170 -0.0202  0.0256  1.1170 -0.0455  1.0000  1.1170
   1.950
           1  68.203  0.0007  0.6961  0.5956  1.0069  0.6831 -0.1593  2.0364  1.0045  0.9114  0.9880
           2  -0.053 -0.0000  1.1170  0.0000  1.1170 -0.0206  0.0256  1.1170 -0.0455  1.0000  1.1170
   1.975
           1  68.829  0.0017  0.6987  0.5951  1.0078  0.7000 -0.1571  2.0073  1.0045  0.9104  0.9896
           2  -0.054 -0.0000  1.1170  0.0000  1.1170 -0.0218  0.0259  1.1170 -0.0455  1.0000  1.1170
   2.000
           1  69.989  0.0026  0.7011  0.5946  1.0083  0.7274 -0.1547  1.9815  1.0045  0.9094  0.9913
           2  -0.056 -0.0000  1.1170  0.0000  1.1170 -0.0238  0.0267  1.1170 -0.0455  1.0000  1.1170
   2.025
           1  71.637  0.0035  0.7031  0.5943  1.0083  0.7640 -0.1519  1.9588  1.0045  0.9085  0.9929
           2  -0.057 -0.0000  1.1170  0.0000  1.1170 -0.0265  0.0279  1.1170 -0.0455  1.0000  1.1170
   2.050
           1  73.707  0.0042  0.7046  0.5942  1.0076  0.8081 -0.1486  1.9389  1.0045  0.9077  0.9942
           2  -0.059 -0.0000  1.1170  0.0000  1.1170 -0.0297  0.0295  1.1170 -0.0455  1.0000  1.1170
   2.075
           1  76.123  0.0047  0.7058  0.5943  1.0061  0.8579 -0.1447  1.9217  1.0045  0.9073  0.9950
           2  -0.061 -0.0000  1.1170  0.0000  1.1170 -0.0334  0.0316  1.1170 -0.0455  1.0000  1.1170
   2.100
           1  78.796  0.0051  0.7064  0.5945  1.0035  0.9112 -0.1401  1.9073  1.0045  0.9071  0.9952
           2  -0.063 -0.0000  1.1170  0.0000  1.1170 -0.0373  0.0341  1.1170 -0.0455  1.0000  1.1170
   2.125
           1  81.632  0.0053  0.7066  0.5950  0.9999  0.9657 -0.1348  1.8961  1.0045  0.9075  0.9946
           2  -0.065 -0.0000  1.1170  0.0000  1.1170 -0.0412  0.0371  1.1170 -0.0455  1.0000  1.1170
   2.150
           1  84.535  0.0054  0.7063  0.5956  0.9953  1.0190 -0.1290  1.8885  1.0045  0.9083  0.9933
           2  -0.067 -0.0000  1.1170  0.0000  1.1170 -0.0451  0.0403  1.1170 -0.0455  1.0000  1.1170
   2.175
           1  87.409  0.0052  0.7055  0.5963  0.9897  1.0694 -0.1229  1.8850  1.0045  0.9095  0.9911
           2  -0.069 -0.0000  1.1170  0.0000  1.1170 -0.0487  0.0437  1.1170 -0.0455  1.0000  1.1170
   2.200
           1  90.164  0.0049  0.7043  0.5971  0.9835  1.1151 -0.1167  1.8860  1.0045  0.9112  0.9884
           2  -0.071 -0.0000  1.1170  0.0000  1.1170 -0.0519  0.0472  1.1170 -0.0455  1.0000  1.1170
   2.225
           1  92.720  0.0045  0.7027  0.5980  0.9770  1.1549 -0.1108  1.8918  1.0045  0.9130  0.9852
           2  -0.073 -0.0000  1.1170  0.0000  1.1170 -0.0547  0.0506  1.1170 -0.0455  1.0000  1.1170
   2.250
           1  95.005  0.0039  0.7008  0.5988  0.9704  1.1882 -0.1055  1.9024  1.0045  0.9150  0.9817
           2  -0.075 -0.0000  1.1170  0.0000  1.1170 -0.0571  0.0538  1.1170 -0.0455  1.0000  1.1170
   2.275
           1  96.958  0.0033  0.6986  0.5997  0.9643  1.2145 -0.1010  1.9175  1.0045  0.9169  0.9782
           2  -0.076 -0.0000  1.1170  0.0000  1.1170 -0.0589  0.0565  1.1170 -0.0455  1.0000  1.1170
   2.300
           1  98.532  0.0025  0.6963  0.6005  0.9590  1.2340 -0.0977  1.9365  1.0045  0.9187  0.9750
           2  -0.078 -0.0000  1.1170  0.0000  1.1170 -0.0603  0.0588  1.1170 -0.0455  1.0000  1.1170
   2.325
           1  99.692  0.0017  0.6939  0.6012  0.9547  1.2467 -0.0958  1.9584  1.0045  0.9202  0.9722
           2  -0.080 -0.0000  1.1170  0.0000  1.1170 -0.0612  0.0605  1.1170 -0.0455  1.0000  1.1170
   2.350
           1 100.414  0.0009  0.6915  0.6019  0.9518  1.2530 -0.0953  1.9820  1.0045  0.9213  0.9700
           2  -0.081 -0.0000  1.1170  0.0000  1.1170 -0.0616  0.0615  1.1170 -0.0455  1.0000  1.1170
   2.375
           1 100.687  0.0001  0.6892  0.6026  0.9504  1.2532 -0.0963  2.0058  1.0045  0.9220  0.9686
           2  -0.083 -0.0000  1.1170  0.0000  1.1170 -0.0616  0.0618  1.1170 -0.0455  1.0000  1.1170
   2.400
           1 100.510 -0.0008  0.6870  0.6033  0.9505  1.2473 -0.0987  2.0284  1.0045  0.9224  0.9680
           2  -0.084 -0.0000  1.1170  0.0000  1.1170 -0.0613  0.0615  1.1170 -0.0455  1.0000  1.1170
   2.425
           1  99.893 -0.0016  0.6850  0.6040  0.9521  1.2357 -0.1024  2.0480  1.0045  0.9223  0.9682
           2  -0.085 -0.0000  1.1170  0.0000  1.1170 -0.0605  0.0604  1.1170 -0.0455  1.0000  1.1170
   2.450
           1  98.855 -0.0023  0.6832  0.6046  0.9551  1.2183 -0.1072  2.0634  1.0045  0.9218  0.9691
           2  -0.086 -0.0000  1.1170  0.0000  1.1170 -0.0593  0.0588  1.1170 -0.0455  1.0000  1.1170
   2.475
           1  97.429 -0.0030  0.6817  0.6053  0.9592  1.1952 -0.1128  2.0733  1.0045  0.9209  0.9707
           2  -0.087 -0.0000  1.1170  0.0000  1.1170 -0.0578  0.0566  1.1170 -0.0455  1.0000  1.1170
   2.500
           1  95.655 -0.0036  0.6805  0.6059  0.9642  1.1665 -0.1190  2.0769  1.0045  0.9198  0.9728
           2  -0.088 -0.0000  1.1170  0.0000  1.1170 -0.0558  0.0539  1.1170 -0.0455  1.0000  1.1170
   2.525
           1  93.583 -0.0041  0.6796  0.6065  0.9698  1.1326 -0.1253  2.0737  1.0045  0.9185  0.9753
           2  -0.089 -0.0000  1.1170  0.0000  1.1170 -0.0534  0.0510  1.1170 -0.0455  1.0000  1.1170
   2.550
           1  91.274 -0.0045  0.6791  0.6071  0.9756  1.0940 -0.1315  2.0635  1.0045  0.9171  0.9778
           2  -0.089 -0.0000  1.1170  0.0000  1.1170 -0.0507  0.0478  1.1170 -0.0455  1.0000  1.1170
   2.575
           1  88.796 -0.0047  0.6788  0.6076  0.9812  1.0515 -0.1373  2.0468  1.0045  0.9158  0.9803
           2  -0.090 -0.0000  1.1170  0.0000  1.1170 -0.0477  0.0446  1.1170 -0.0455  1.0000  1.1170
   2.600
           1  86.224 -0.0048  0.6789  0.6081  0.9866  1.0063 -0.1426  2.0242  1.0045  0.9145  0.9825
           2  -0.091 -0.0000  1.1170  0.0000  1.1170 -0.0444  0.0415  1.1170 -0.0455  1.0000  1.1170
   2.625
           1  83.640 -0.0047  0.6792  0.6084  0.9913  0.9597 -0.1470  1.9966  1.0045  0.9135  0.9844
           2  -0.092 -0.0000  1.1170  0.0000  1.1170 -0.0411  0.0385  1.1170 -0.0455  1.0000  1.1170
   2.650
           1  81.125 -0.0045  0.6798  0.6086  0.9953  0.9135 -0.1506  1.9652  1.0045  0.9126  0.9859
           2  -0.092 -0.0000  1.1170  0.0000  1.1170 -0.0377  0.0358  1.1170 -0.0455  1.0000  1.1170
   2.675
           1  78.761 -0.0042  0.6806  0.6087  0.9986  0.8695 -0.1534  1.9314  1.0045  0.9120  0.9870
           2  -0.093 -0.0000  1.1170  0.0000  1.1170 -0.0345  0.0335  1.1170 -0.0455  1.0000  1.1170
   2.700
           1  76.628 -0.0037  0.6815  0.6085  1.0011  0.8293 -0.1554  1.8965  1.0045  0.9116  0.9877
           2  -0.094 -0.0000  1.1170  0.0000  1.1170 -0.0315  0.0315  1.1170 -0.0455  1.0000  1.1170
   2.725
           1  74.795 -0.0031  0.6826  0.6083  1.0030  0.7948 -0.1567  1.8616  1.0045  0.9113  0.9882
           2  -0.095 -0.0000  1.1170  0.0000  1.1170 -0.0289  0.0299  1.1170 -0.0455  1.0000  1.1170
   2.750
           1  73.326 -0.0023  0.6837  0.6079  1.0044  0.7673 -0.1574  1.8277  1.0045  0.9111  0.9885
           2  -0.096 -0.0000  1.1170  0.0000  1.1170 -0.0269  0.0287  1.1170 -0.0455  1.0000  1.1170
   2.775
           1  72.269 -0.0015  0.6849  0.6074  1.0053  0.7479 -0.1577  1.7957  1.0045  0.9110  0.9887
           2  -0.097 -0.0000  1.1170  0.0000  1.1170 -0.0254  0.0279  1.1170 -0.0455  1.0000  1.1170
   2.800
           1  71.660 -0.0007  0.6860  0.6068  1.0059  0.7375 -0.1577  1.7660  1.0045  0.9109  0.9889
           2  -0.099 -0.0000  1.1170  0.0000  1.1170 -0.0247  0.0275  1.1170 -0.0455  1.0000  1.1170
   2.825
           1  71.516  0.0002  0.6870  0.6062  1.0062  0.7363 -0.1573  1.7391  1.0045  0.9107  0.9892
           2  -0.100 -0.0000  1.1170  0.0000  1.1170 -0.0246  0.0274  1.1170 -0.0455  1.0000  1.1170
   2.850
           1  71.842  0.0010  0.6879  0.6056  1.0062  0.7444 -0.1567  1.7149  1.0045  0.9105  0.9895
           2  -0.102 -0.0000  1.1170  0.0000  1.1170 -0.0251  0.0276  1.1170 -0.0455  1.0000  1.1170
   2.875
           1  72.624  0.0019  0.6886  0.6051  1.0059  0.7613 -0.1557  1.6935  1.0045  0.9103  0.9898
           2  -0.104 -0.0000  1.1170  0.0000  1.1170 -0.0264  0.0282  1.1170 -0.0455  1.0000  1.1170
   2.900
           1  73.831  0.0026  0.6890  0.6048  1.0052  0.7863 -0.1545  1.6747  1.0045  0.9102  0.9901
           2  -0.105 -0.0000  1.1170  0.0000  1.1170 -0.0282  0.0292  1.1170 -0.0455  1.0000  1.1170
   2.925
           1  75.421  0.0033  0.6891  0.6045  1.0039  0.8183 -0.1528  1.6586  1.0045  0.9101  0.9901
           2  -0.107 -0.0000  1.1170  0.0000  1.1170 -0.0306  0.0306  1.1170 -0.0455  1.0000  1.1170
   2.950
           1  77.337  0.0038  0.6889  0.6044  1.0020  0.8558 -0.1507  1.6450  1.0045  0.9103  0.9899
           2  -0.110 -0.0000  1.1170  0.0000  1.1170 -0.0334  0.0323  1.1170 -0.0455  1.0000  1.1170
   2.975
           1  79.513  0.0042  0.6883  0.6045  0.9994  0.8972 -0.1480  1.6341  1.0045  0.9107  0.9892
           2  -0.112 -0.0000  1.1170  0.0000  1.1170 -0.0364  0.0344  1.1170 -0.0455  1.0000  1.1170
1
0          A - ROTOR ANGLE, DEG                                                             SCALE FACTOR = 1.0E+02
         -0.20      0.00      0.20      0.40      0.60      0.80      1.00      1.20      1.40      1.60      1.80
0          B - TERM VOLTAGE, PU                                                             SCALE FACTOR = 1.0E+00
          0.00      0.20      0.40      0.60      0.80      1.00      1.20      1.40      1.60      1.80      2.00
0          C - REAL POWER, PU                                                               SCALE FACTOR = 1.0E+00
          0.00      0.20      0.40      0.60      0.80      1.00      1.20      1.40      1.60      1.80      2.00
0          D - FIELD VOLTAGE, PU                                                            SCALE FACTOR = 1.0E+00
          0.00      0.50      1.00      1.50      2.00      2.50      3.00      3.50      4.00      4.50      5.00
0    TIME  +++++++++++++++++++++++++++++++++++++++++++++++++++++++++++++++++++++++++++++++++++++++++++++++++++++
     0.000 C         B         +         +        D+         +       A +         +         +         +         +
           C         B                             D                  A                                         
           C         B                              D                  A                                        
           +                                         DB         C        A                                      
           +                                         BD           C        A                                    
           +                                        B  D            C         A                                 
           +                                        B   D             C         A                               
           +                                       B     D             C         A                              
           +                                      B        D           C           A                            
           +                                     B          D           C            A                          
     0.250 +         +         +         +      B  +         D         +C        +    A    +         +         +
           +                                    B             D         C              A                        
           +                                   B               D        C               A                       
           +                                   B                D       C               A                       
           +                                  B                  D     C                 A                      
           +                                  B                   D    C                 A                      
           +                                  B                    D   C                 A                      
           +                                  B                     D  C                 A                      
           +                                  B                      D C                 A                      
           +                                  B                       DC                A                       
     0.500 +         +         +         +     B   +         +         D         +     A   +         +         +
           +                                   B                      C D             A                         
           +                                    B                     C  D           A                          
           +                                     B                    C   D         A                           
           +                                     B                    C    D       A                            
           +                                      B                  C      D    A                              
           +                                       B                C       D  A                                
           +                                        B              C        DA                                  
           +                                         B            C        AD                                   
           +                                          B         C        A D                                    
     0.750 +         +         +         +         +   B     +C        A  D      +         +         +         +
           +                                           B   C         A   D                                      
           +                                            BC         A    D                                       
           +                                          C  B       A     D                                        
           +                                       C     B     A      D                                         
           +                                    C        B   A       D                                          
           +                                  C           BA        D                                           
           +                                C             B        D                                            
           +                               C             AB       D                                             
           +                              C             A B      D                                              
     1.000 +         +         +         +C        +    A  B +   D     +         +         +         +         +
           +                              C             A  B    D                                               
           +                               C            A  B   D                                                
           +                                C            A B  D                                                 
           +                                   C         A B D                                                  
           +                                     C         BD                                                   
           +                                        C      DA                                                   
           +                                           C  DB A                                                  
           +                                             DCB   A                                                
           +                                            D  B C   A                                              
     1.250 +         +         +         +         +    D B  +  C A    +         +         +         +         +
           +                                            D B       C A                                           
           +                                            D B         CA                                          
           +                                            DB            CA                                        
           +                                            DB              C                                       
           +                                             D               C                                      
           +                                            B D              AC                                     
           +                                            B D               C                                     
           +                                            B  D              AC                                    
           +                                            B   D             AC                                    
     1.500 +         +         +         +         +    B   D+         +  C      +         +         +         +
           +                                            B    D           AC                                     
           +                                             B   D           C                                      
           +                                             B   D          C                                       
           +                                             B    D       CA                                        
           +                                              B  D       C                                          
           +                                              B  D    C A                                           
           +                                               B D  C A                                             
           +                                               BD C  A                                              
           +                                               D   A                                                
     1.750 +         +         +         +         +    C D BA         +         +         +         +         +
           +                                         C   D  B                                                   
           +                                       C    D A B                                                   
           +                                     C     D A  B                                                   
           +                                   C      D A    B                                                  
           +                                 C       D A     B                                                  
           +                                 C       D A     B                                                  
           +                                C       D  A     B                                                  
           +                                 C     D   A     B                                                  
           +                                  C    D   A     B                                                  
     2.000 +         +         +         +     C  D+   A     B         +         +         +         +         +
           +                                     CD     A    B                                                  
           +                                     D C     A   B                                                  
           +                                     D   C     A B                                                  
           +                                     D      C   AB                                                  
           +                                    D          CBA                                                  
           +                                    D           BC A                                                
           +                                    D           B   C                                               
           +                                    D           B     C                                             
           +                                    D          B       AC                                           
     2.250 +         +         +         +       D +       B +      A C+         +         +         +         +
           +                                     D         B         A C                                        
           +                                     D        B           A C                                       
           +                                      D       B           A  C                                      
           +                                      D       B            A C                                      
           +                                       D      B            A C                                      
           +                                       D      B            A C                                      
           +                                       D      B           A C                                       
           +                                        D     B           AC                                        
           +                                        D     B          AC                                         
     2.500 +         +         +         +         +D      B +      AC +         +         +         +         +
           +                                        D      B       C                                            
           +                                        D      B     CA                                             
           +                                       D        B  C A                                              
           +                                       D        BC  A                                               
           +                                      D       C B A                                                 
           +                                      D     C   BA                                                  
           +                                     D    C     B                                                   
           +                                    D   C      A B                                                  
           +                                    D C       A  B                                                  
     2.750 +         +         +         +     D C +     A   B         +         +         +         +         +
           +                                  D C        A   B                                                  
           +                                  DC        A    B                                                  
           +                                 D C        A    B                                                  
           +                                 D  C       A    B                                                  
           +                                D    C       A   B                                                  
           +                                D     C      A   B                                                  
           +                                D      C      A  B                                                  
           +                               D         C     A B                                                  
           +                               D           C    B                                                   
